Problem:    gyar
Rows:       4
Columns:    2 (2 integer, 0 binary)
Non-zeros:  8
Status:     INTEGER OPTIMAL
Objective:  profit = 346 (MAXimum)

   No.   Row name        Activity     Lower bound   Upper bound
------ ------------    ------------- ------------- -------------
     1 G1                        130                         130 
     2 G2                        174                         200 
     3 munkas                     44                          60 
     4 profit                    346                             

   No. Column name       Activity     Lower bound   Upper bound
------ ------------    ------------- ------------- -------------
     1 T1           *             42             0               
     2 T2           *              1             0               

Integer feasibility conditions:

KKT.PE: max.abs.err = 0.00e+00 on row 0
        max.rel.err = 0.00e+00 on row 0
        High quality

KKT.PB: max.abs.err = 0.00e+00 on row 0
        max.rel.err = 0.00e+00 on row 0
        High quality

End of output
