Problem:    munkasok
Rows:       7
Columns:    9 (9 integer, 9 binary)
Non-zeros:  27
Status:     INTEGER OPTIMAL
Objective:  koltseg = 8 (MINimum)

   No.   Row name        Activity     Lower bound   Upper bound
------ ------------    ------------- ------------- -------------
     1 T1                          1             1             = 
     2 T2                          1             1             = 
     3 T3                          1             1             = 
     4 M1                          1             1             = 
     5 M2                          1             1             = 
     6 M3                          1             1             = 
     7 koltseg                     8                             

   No. Column name       Activity     Lower bound   Upper bound
------ ------------    ------------- ------------- -------------
     1 T1M1         *              1             0             1 
     2 T1M2         *              0             0             1 
     3 T1M3         *              0             0             1 
     4 T2M1         *              0             0             1 
     5 T2M2         *              1             0             1 
     6 T2M3         *              0             0             1 
     7 T3M1         *              0             0             1 
     8 T3M2         *              0             0             1 
     9 T3M3         *              1             0             1 

Integer feasibility conditions:

KKT.PE: max.abs.err = 0.00e+00 on row 0
        max.rel.err = 0.00e+00 on row 0
        High quality

KKT.PB: max.abs.err = 0.00e+00 on row 0
        max.rel.err = 0.00e+00 on row 0
        High quality

End of output
