Problem:    friedrichartur_elsofeladat
Rows:       7
Columns:    9 (9 integer, 0 binary)
Non-zeros:  27
Status:     INTEGER OPTIMAL
Objective:  szallitasi_koltseg = 33100 (MINimum)

   No.   Row name        Activity     Lower bound   Upper bound
------ ------------    ------------- ------------- -------------
     1 Kolozsvar                1000          1000             = 
     2 Marosvasarhely
                                 850           850             = 
     3 Temesvar                 1350          1350             = 
     4 Budapest                 1100          1100             = 
     5 Gyor                      800           800             = 
     6 Szeged                   1300          1300             = 
     7 szallitasi_koltseg
                               33100                             

   No. Column name       Activity     Lower bound   Upper bound
------ ------------    ------------- ------------- -------------
     1 Kolozsvar_Budapest
                    *              0             0               
     2 Kolozsvar_Gyor
                    *              0             0               
     3 Kolozsvar_Szeged
                    *           1000             0               
     4 Marosvasarhely_Budapest
                    *              0             0               
     5 Marosvasarhely_Gyor
                    *            550             0               
     6 Marosvasarhely_Szeged
                    *            300             0               
     7 Temesvar_Budapest
                    *           1100             0               
     8 Temesvar_Gyor
                    *            250             0               
     9 Temesvar_Szeged
                    *              0             0               

Integer feasibility conditions:

KKT.PE: max.abs.err = 0.00e+00 on row 0
        max.rel.err = 0.00e+00 on row 0
        High quality

KKT.PB: max.abs.err = 0.00e+00 on row 0
        max.rel.err = 0.00e+00 on row 0
        High quality

End of output
