Problem:    szendvics
Rows:       5
Columns:    2
Non-zeros:  8
Status:     OPTIMAL
Objective:  szendvicsekszama = 65 (MAXimum)

   No.   Row name   St   Activity     Lower bound   Upper bound    Marginal
------ ------------ -- ------------- ------------- ------------- -------------
     1 szalami      B             80                         100 
     2 sonka        B             25                          40 
     3 tojas        NU           170                         170      0.166667 
     4 vaj          NU           220                         220      0.166667 
     5 szendvicsekszama
                    B             65                             

   No. Column name  St   Activity     Lower bound   Upper bound    Marginal
------ ------------ -- ------------- ------------- ------------- -------------
     1 sonkas       B             25             0               
     2 szalamis     B             40             0               

Karush-Kuhn-Tucker optimality conditions:

KKT.PE: max.abs.err = 0.00e+00 on row 0
        max.rel.err = 0.00e+00 on row 0
        High quality

KKT.PB: max.abs.err = 0.00e+00 on row 0
        max.rel.err = 0.00e+00 on row 0
        High quality

KKT.DE: max.abs.err = 1.11e-16 on column 2
        max.rel.err = 3.70e-17 on column 2
        High quality

KKT.DB: max.abs.err = 0.00e+00 on row 0
        max.rel.err = 0.00e+00 on row 0
        High quality

End of output
