Problem:    taska
Rows:       5
Columns:    2 (2 integer, 0 binary)
Non-zeros:  8
Status:     INTEGER OPTIMAL
Objective:  nyereseg = 55400 (MAXimum)

   No.   Row name        Activity     Lower bound   Upper bound
------ ------------    ------------- ------------- -------------
     1 anyag                    4950                        5400 
     2 ertekesites_tura
                                1000                        1000 
     3 ertekesites_mini
                                 975                        1200 
     4 munkaido                84000                       84000 
     5 nyereseg                55400                             

   No. Column name       Activity     Lower bound   Upper bound
------ ------------    ------------- ------------- -------------
     1 tura         *           1000             0               
     2 mini         *            975             0               

Integer feasibility conditions:

KKT.PE: max.abs.err = 0.00e+00 on row 0
        max.rel.err = 0.00e+00 on row 0
        High quality

KKT.PB: max.abs.err = 0.00e+00 on row 0
        max.rel.err = 0.00e+00 on row 0
        High quality

End of output
