Problem:    festival2
Rows:       8
Columns:    5 (5 integer, 5 binary)
Non-zeros:  30
Status:     INTEGER OPTIMAL
Objective:  Festivals = 1 (MINimum)

   No.   Row name        Activity     Lower bound   Upper bound
------ ------------    ------------- ------------- -------------
     1 Dalriada                    1             1               
     2 Metallica                   1             1               
     3 Eluveitie                   1             1               
     4 Liva                        1             1               
     5 IcedEarth                   1             1               
     6 Virrasztok                  1             1               
     7 IronMaiden                  1             1               
     8 Festivals                   1                             

   No. Column name       Activity     Lower bound   Upper bound
------ ------------    ------------- ------------- -------------
     1 RockMarathon *              0             0             1 
     2 Sziget       *              0             0             1 
     3 Volt         *              0             0             1 
     4 Metalfest    *              0             0             1 
     5 Festival5    *              1             0             1 

Integer feasibility conditions:

KKT.PE: max.abs.err = 0.00e+00 on row 0
        max.rel.err = 0.00e+00 on row 0
        High quality

KKT.PB: max.abs.err = 0.00e+00 on row 0
        max.rel.err = 0.00e+00 on row 0
        High quality

End of output
