Problem:    biotermek
Rows:       6
Columns:    6 (6 integer, 0 binary)
Non-zeros:  18
Status:     INTEGER OPTIMAL
Objective:  profit = 112460 (MAXimum)

   No.   Row name        Activity     Lower bound   Upper bound
------ ------------    ------------- ------------- -------------
     1 AckSzallit                140                         140 
     2 BauSzallit                180                         200 
     3 Bolt1                     150                         150 
     4 Bolt2                     110                         110 
     5 Bolt3                      60                          60 
     6 profit                 112460                             

   No. Column name       Activity     Lower bound   Upper bound
------ ------------    ------------- ------------- -------------
     1 Ack1         *             30             0               
     2 Ack2         *            110             0               
     3 Ack3         *              0             0               
     4 Bau1         *            120             0               
     5 Bau2         *              0             0               
     6 Bau3         *             60             0               

Integer feasibility conditions:

KKT.PE: max.abs.err = 0.00e+00 on row 0
        max.rel.err = 0.00e+00 on row 0
        High quality

KKT.PB: max.abs.err = 0.00e+00 on row 0
        max.rel.err = 0.00e+00 on row 0
        High quality

End of output
