Problem:    ceruza
Rows:       4
Columns:    3 (3 integer, 0 binary)
Non-zeros:  9
Status:     INTEGER OPTIMAL
Objective:  bevetel = 900 (MAXimum)

   No.   Row name        Activity     Lower bound   Upper bound
------ ------------    ------------- ------------- -------------
     1 piros                      10                          10 
     2 kek                        10                          10 
     3 zold                       10                          10 
     4 bevetel                   900                             

   No. Column name       Activity     Lower bound   Upper bound
------ ------------    ------------- ------------- -------------
     1 piroszold    *              5             0               
     2 piroskek     *              5             0               
     3 zoldkek      *              5             0               

Integer feasibility conditions:

KKT.PE: max.abs.err = 0.00e+00 on row 0
        max.rel.err = 0.00e+00 on row 0
        High quality

KKT.PB: max.abs.err = 0.00e+00 on row 0
        max.rel.err = 0.00e+00 on row 0
        High quality

End of output
