Problem:    ekszer
Rows:       4
Columns:    3 (3 integer, 0 binary)
Non-zeros:  12
Status:     INTEGER OPTIMAL
Objective:  bevetel = 40 (MAXimum)

   No.   Row name        Activity     Lower bound   Upper bound
------ ------------    ------------- ------------- -------------
     1 arany                      10                          20 
     2 gyemant                    20                          20 
     3 zafir                      30                          40 
     4 bevetel                    40                             

   No. Column name       Activity     Lower bound   Upper bound
------ ------------    ------------- ------------- -------------
     1 ekszer1      *              0             0               
     2 ekszer2      *             10             0               
     3 ekszer3      *              0             0               

Integer feasibility conditions:

KKT.PE: max.abs.err = 0.00e+00 on row 0
        max.rel.err = 0.00e+00 on row 0
        High quality

KKT.PB: max.abs.err = 0.00e+00 on row 0
        max.rel.err = 0.00e+00 on row 0
        High quality

End of output
