Problem:    szoves
Rows:       3
Columns:    4 (4 integer, 0 binary)
Non-zeros:  10
Status:     INTEGER OPTIMAL
Objective:  bevetel = 20 (MAXimum)

   No.   Row name        Activity     Lower bound   Upper bound
------ ------------    ------------- ------------- -------------
     1 fonogep                    18                          18 
     2 szovogep                    3                           3 
     3 bevetel                    20                             

   No. Column name       Activity     Lower bound   Upper bound
------ ------------    ------------- ------------- -------------
     1 szovetA      *              1             0               
     2 szovetB      *              2             0               
     3 fonalA       *              0             0               
     4 fonalB       *              0             0               

Integer feasibility conditions:

KKT.PE: max.abs.err = 0.00e+00 on row 0
        max.rel.err = 0.00e+00 on row 0
        High quality

KKT.PB: max.abs.err = 0.00e+00 on row 0
        max.rel.err = 0.00e+00 on row 0
        High quality

End of output
