Problem:    buntimikulas
Rows:       7
Columns:    11 (11 integer, 5 binary)
Non-zeros:  30
Status:     INTEGER OPTIMAL
Objective:  koltseg = 18 (MINimum)

   No.   Row name        Activity     Lower bound   Upper bound
------ ------------    ------------- ------------- -------------
     1 narancs                     1             1             = 
     2 mogyoro                     1             1             = 
     3 gumicukor                   1             1             = 
     4 csoki                       1             1             = 
     5 kinder                      1             1             = 
     6 virgacs                     1             1             = 
     7 koltseg                    18                             

   No. Column name       Activity     Lower bound   Upper bound
------ ------------    ------------- ------------- -------------
     1 csomag1      *              1             0             1 
     2 csomag2      *              0             0             1 
     3 csomag3      *              1             0             1 
     4 csomag4      *              0             0             1 
     5 csomag5      *              1             0             1 
     6 maradekcsoki *              0             0               
     7 maradeknarancs
                    *              0             0               
     8 maradekmogyoro
                    *              0             0               
     9 maradekvirgacs
                    *              1             0               
    10 maradekkinder
                    *              0             0               
    11 maradekgumicukor
                    *              0             0               

Integer feasibility conditions:

KKT.PE: max.abs.err = 0.00e+00 on row 0
        max.rel.err = 0.00e+00 on row 0
        High quality

KKT.PB: max.abs.err = 0.00e+00 on row 0
        max.rel.err = 0.00e+00 on row 0
        High quality

End of output
