Problem:    friedrichartur_masodikfeladat
Rows:       9
Columns:    12 (12 integer, 0 binary)
Non-zeros:  38
Status:     INTEGER OPTIMAL
Objective:  szallitasi_koltseg = 37800 (MINimum)

   No.   Row name        Activity     Lower bound   Upper bound
------ ------------    ------------- ------------- -------------
     1 Gyarak_megszoritas[Kolozsvar]
                                1000          1000             = 
     2 Gyarak_megszoritas[Marosvasarhely]
                                2000          2000             = 
     3 Gyarak_megszoritas[Temesvar]
                                1500          1500             = 
     4 Boltok_megszoritas[Budapest]
                                1100          1100             = 
     5 Boltok_megszoritas[Gyor]
                                 800           800             = 
     6 Boltok_megszoritas[Szeged]
                                1300          1300             = 
     7 Boltok_megszoritas[Pecs]
                                1300          1300             = 
     8 rablobandak               100                         100 
     9 szallitasi_koltseg
                               37800                             

   No. Column name       Activity     Lower bound   Upper bound
------ ------------    ------------- ------------- -------------
     1 szallitas[Kolozsvar,Budapest]
                    *              0             0               
     2 szallitas[Kolozsvar,Gyor]
                    *              0             0               
     3 szallitas[Kolozsvar,Szeged]
                    *           1000             0               
     4 szallitas[Kolozsvar,Pecs]
                    *              0             0               
     5 szallitas[Marosvasarhely,Budapest]
                    *              0             0               
     6 szallitas[Marosvasarhely,Gyor]
                    *            700             0               
     7 szallitas[Marosvasarhely,Szeged]
                    *              0             0               
     8 szallitas[Marosvasarhely,Pecs]
                    *           1300             0               
     9 szallitas[Temesvar,Budapest]
                    *           1100             0               
    10 szallitas[Temesvar,Gyor]
                    *            100             0               
    11 szallitas[Temesvar,Szeged]
                    *            300             0               
    12 szallitas[Temesvar,Pecs]
                    *              0             0               

Integer feasibility conditions:

KKT.PE: max.abs.err = 0.00e+00 on row 0
        max.rel.err = 0.00e+00 on row 0
        High quality

KKT.PB: max.abs.err = 0.00e+00 on row 0
        max.rel.err = 0.00e+00 on row 0
        High quality

End of output
